nohup: ignoring input
[W TensorIterator.cpp:918] Warning: Mixed memory format inputs detected while calling the operator. The operator will output contiguous tensor even if some of the inputs are in channels_last format. (function operator())
comdefend.py:48: UserWarning: Mixed memory format inputs detected while calling the operator. The operator will output channels_last tensor even if some of the inputs are not in channels_last format. (Triggered internally at  /opt/conda/conda-bld/pytorch_1595629431274/work/aten/src/ATen/native/TensorIterator.cpp:924.)
  hidden_gauss = hidden + (self.phi**0.5)*torch.randn(hidden.shape).to(device)
epoch:0  loss1:1.0245819401741028  loss20.8780209362506867
epoch:0  loss1:1.1122315692901612  loss20.7001513946056366
epoch:0  loss1:1.2127262449264526  loss20.5989958369731903
epoch:0  loss1:1.3144805335998535  loss20.5097753691673279
epoch:0  loss1:1.4161406350135803  loss20.42750380039215086
epoch:0  loss1:1.5147833395004273  loss20.35932950854301454
epoch:0  loss1:1.6095264601707457  loss20.29888520956039427
epoch:0  loss1:1.7010127925872802  loss20.2504832002520561
epoch:0  loss1:1.788545114994049  loss20.20726467549800873
epoch:0  loss1:1.8730515384674071  loss20.17295484781265258
epoch:0  loss1:1.9553403997421264  loss20.14492052048444748
epoch:0  loss1:2.033956983089447  loss20.11871803268790244
epoch:0  loss1:2.1108495950698853  loss20.09785758107900619
epoch:0  loss1:2.1834329175949097  loss20.08268705993890763
epoch:0  loss1:2.2538761377334593  loss20.06762737266719342
epoch:0  loss1:2.3225222492218016  loss20.05615872673690319
epoch:0  loss1:2.387576141357422  loss20.04595479115843773
epoch:0  loss1:2.450020775794983  loss20.03771830148994923
epoch:0  loss1:2.511864767074585  loss20.03228330064564943
epoch:0  loss1:2.571343169212341  loss20.02690009981393814
epoch:1  loss1:2.629329833984375  loss20.023004628084599972
epoch:1  loss1:2.687033338546753  loss20.019035829212516547
epoch:1  loss1:2.7419125699996947  loss20.017070403881371023
epoch:1  loss1:2.7959039402008057  loss20.015069782938808203
epoch:1  loss1:2.849237627983093  loss20.013671042341738939
epoch:1  loss1:2.9021119499206542  loss20.012790783289819956
epoch:1  loss1:2.9541002750396728  loss20.011647349987179041
epoch:1  loss1:3.005596432685852  loss20.011020305883139372
epoch:1  loss1:3.05637716293335  loss20.010344221014529467
epoch:1  loss1:3.107417097091675  loss20.010034710988402367
epoch:1  loss1:3.1584395694732668  loss20.009784018602222205
epoch:1  loss1:3.209177713394165  loss20.009598646778613329
epoch:1  loss1:3.2608601093292235  loss20.009201014339923859
epoch:1  loss1:3.3124472093582153  loss20.009145533069968223
epoch:1  loss1:3.3639587783813476  loss20.008951271567493677
epoch:1  loss1:3.416704421043396  loss20.008542666481807827
epoch:1  loss1:3.4695712089538575  loss20.008554590130224825
epoch:1  loss1:3.523223052024841  loss20.008402117239311337
epoch:1  loss1:3.577910966873169  loss20.008189292903989554
epoch:1  loss1:3.6325849199295046  loss20.008297203704714776
epoch:2  loss1:3.689615902900696  loss20.00812909534201026
epoch:2  loss1:3.7476025295257567  loss20.008163360496982932
epoch:2  loss1:3.8046710681915283  loss20.008022334603592753
epoch:2  loss1:3.86354031085968  loss20.007978024063631892
epoch:2  loss1:3.923184370994568  loss20.007715738955885172
epoch:2  loss1:3.983456001281738  loss20.007884975774213671
epoch:2  loss1:4.045448312759399  loss20.007790943244472146
epoch:2  loss1:4.10810133934021  loss20.007765777157619596
epoch:2  loss1:4.1706556224822995  loss20.007501900866627693
epoch:2  loss1:4.233790626525879  loss20.007417826717719436
epoch:2  loss1:4.298902263641358  loss20.007424461496993899
epoch:2  loss1:4.364670476913452  loss20.007574984421953559
epoch:2  loss1:4.432154130935669  loss20.00720748532563448
epoch:2  loss1:4.4987408065795895  loss20.007184233088046312
epoch:2  loss1:4.566577253341674  loss20.007094603767618537
epoch:2  loss1:4.634987497329712  loss20.006822840329259634
epoch:2  loss1:4.7040675830841066  loss20.006931839501485229
epoch:2  loss1:4.773313207626343  loss20.006732876095920801
epoch:2  loss1:4.843903665542602  loss20.006621023928746581
epoch:2  loss1:4.9145385360717775  loss20.006749632004648447
epoch:3  loss1:4.987454500198364  loss20.006495432602241636
epoch:3  loss1:5.060264720916748  loss20.006645286027342081
epoch:3  loss1:5.132835121154785  loss20.006513769999146462
epoch:3  loss1:5.207678518295288  loss20.006425689598545432
epoch:3  loss1:5.282671871185303  loss20.006172152059152722
epoch:3  loss1:5.358890104293823  loss20.006430316362529993
epoch:3  loss1:5.437112789154053  loss20.006397147737443447
epoch:3  loss1:5.516643209457397  loss20.006340006599202752
epoch:3  loss1:5.594486303329468  loss20.006081325151026249
epoch:3  loss1:5.673495798110962  loss20.0060475441254675385
epoch:3  loss1:5.754817457199096  loss20.006144211022183299
epoch:3  loss1:5.836690349578857  loss20.006174119571223855
epoch:3  loss1:5.918920555114746  loss20.005951243583112955
epoch:3  loss1:6.0003915214538575  loss20.0059650872461497785
epoch:3  loss1:6.082036218643188  loss20.005805354351177811
epoch:3  loss1:6.165562591552734  loss20.0055369575507938865
epoch:3  loss1:6.24883017539978  loss20.00563415358774364
epoch:3  loss1:6.331770877838135  loss20.0055818052683025594
epoch:3  loss1:6.416824159622192  loss20.005448541129007936
epoch:3  loss1:6.5007996749877925  loss20.005536541854962706
epoch:4  loss1:6.587227172851563  loss20.0053357991296797995
epoch:4  loss1:6.67360481262207  loss20.005528131704777479
epoch:4  loss1:6.7590837574005125  loss20.005356911551207304
epoch:4  loss1:6.846752614974975  loss20.005266892863437534
epoch:4  loss1:6.935358238220215  loss20.00507728067226708
epoch:4  loss1:7.025062761306763  loss20.005318844355642795
epoch:4  loss1:7.115425624847412  loss20.005230718171223998
epoch:4  loss1:7.206489171981811  loss20.005280057992786169
epoch:4  loss1:7.297541580200195  loss20.004994899220764637
epoch:4  loss1:7.389608097076416  loss20.005060423305258155
epoch:4  loss1:7.482851467132568  loss20.005067933695390821
epoch:4  loss1:7.575864400863647  loss20.005086318897083402
epoch:4  loss1:7.67031756401062  loss20.0048703696485608815
epoch:4  loss1:7.764262552261353  loss20.004927731789648533
epoch:4  loss1:7.857943134307861  loss20.004818198792636394
epoch:4  loss1:7.951485929489135  loss20.004581389632076025
epoch:4  loss1:8.043976793289184  loss20.0046681198803707954
epoch:4  loss1:8.1374853515625  loss20.004633818296715617
epoch:4  loss1:8.233603382110596  loss20.004565869220532477
epoch:4  loss1:8.327861995697022  loss20.004665434653870762
epoch:5  loss1:8.423228569030762  loss20.004441910306923091
epoch:5  loss1:8.51847557067871  loss20.00461581957526505
epoch:5  loss1:8.612684631347657  loss20.00454414838925004
epoch:5  loss1:8.708751316070556  loss20.004418418775312603
epoch:5  loss1:8.806109294891357  loss20.0042701599560678
epoch:5  loss1:8.90472038269043  loss20.004552336009219289
epoch:5  loss1:9.004737911224366  loss20.004398654936812818
epoch:5  loss1:9.104924983978272  loss20.004431651830673218
epoch:5  loss1:9.203843441009521  loss20.00426959830801934
epoch:5  loss1:9.302937259674072  loss20.004246925045736134
epoch:5  loss1:9.403029308319091  loss20.004298491226509213
epoch:5  loss1:9.503925132751466  loss20.004419273515231907
epoch:5  loss1:9.605192947387696  loss20.004133563945069909
epoch:5  loss1:9.704124603271485  loss20.004200637727044523
epoch:5  loss1:9.802115440368652  loss20.004098140080459416
epoch:5  loss1:9.900506229400635  loss20.003883912628516555
epoch:5  loss1:9.99754487991333  loss20.003965363125316799
epoch:5  loss1:10.095359439849853  loss20.003939170460216701
epoch:5  loss1:10.195036220550538  loss20.0038414606405422092
epoch:5  loss1:10.290215721130371  loss20.003974417452700436
epoch:6  loss1:10.389026985168456  loss20.0037602338287979365
epoch:6  loss1:10.486654300689697  loss20.003962835827842355
epoch:6  loss1:10.582125072479249  loss20.003922586645931005
epoch:6  loss1:10.684441452026368  loss20.0038869983330368997
epoch:6  loss1:10.781234226226807  loss20.0037480026530101896
epoch:6  loss1:10.878968048095704  loss20.0038556378986686467
epoch:6  loss1:10.97699914932251  loss20.003873371323570609
epoch:6  loss1:11.076754493713379  loss20.0038403568929061293
epoch:6  loss1:11.171878566741944  loss20.003679059757851064
epoch:6  loss1:11.267485065460205  loss20.003669933839701116
epoch:6  loss1:11.363359966278075  loss20.003720905310474336
epoch:6  loss1:11.4583939743042  loss20.0037745651882141826
epoch:6  loss1:11.555306091308594  loss20.003579925443045795
epoch:6  loss1:11.64612060546875  loss20.003623327142558992
epoch:6  loss1:11.739213581085204  loss20.0035859243711456657
epoch:6  loss1:11.833760795593262  loss20.003368383878841996
epoch:6  loss1:11.922786312103272  loss20.003476547044701874
epoch:6  loss1:12.011889667510987  loss20.0034406508132815363
epoch:6  loss1:12.101868076324463  loss20.0033584289392456414
epoch:6  loss1:12.186828346252442  loss20.003522109962068498
epoch:7  loss1:12.278982753753661  loss20.003341166898608208
epoch:7  loss1:12.366225719451904  loss20.00346741056535393
epoch:7  loss1:12.451263122558593  loss20.0034083736268803477
epoch:7  loss1:12.537725086212157  loss20.00336620794609189
epoch:7  loss1:12.620082244873046  loss20.0032007470075041057
epoch:7  loss1:12.705044898986817  loss20.003475735974498093
epoch:7  loss1:12.792266235351562  loss20.0033764245454221964
epoch:7  loss1:12.876730403900147  loss20.0034024188853800296
epoch:7  loss1:12.957688274383544  loss20.0033006327552720905
epoch:7  loss1:13.037944869995117  loss20.0032631686562672258
epoch:7  loss1:13.119721717834473  loss20.0033066882379353046
epoch:7  loss1:13.200972423553466  loss20.003399816006422043
epoch:7  loss1:13.28391040802002  loss20.003207104131579399
epoch:7  loss1:13.364062633514404  loss20.0033182079391554
epoch:7  loss1:13.469411163330077  loss20.006619012248702347
epoch:7  loss1:13.579606246948241  loss20.005072149029001593
epoch:7  loss1:13.659226760864257  loss20.004552874616347253
epoch:7  loss1:13.729779033660888  loss20.004161874633282423
epoch:7  loss1:13.806036720275879  loss20.0038119316753000023
epoch:7  loss1:13.881488056182862  loss20.0038104950170964004
epoch:8  loss1:13.962701416015625  loss20.0034562805853784084
epoch:8  loss1:14.042210083007813  loss20.003591798101551831
epoch:8  loss1:14.115521907806396  loss20.003488255301490426
epoch:8  loss1:14.1876651763916  loss20.0035292945196852086
epoch:8  loss1:14.254338722229004  loss20.0032737954799085854
epoch:8  loss1:14.317971286773682  loss20.003415095154196024
epoch:8  loss1:14.385501499176025  loss20.003341738083399832
epoch:8  loss1:14.447333660125732  loss20.003376031117513776
epoch:8  loss1:14.500379676818847  loss20.0032091285940259694
epoch:8  loss1:14.554208126068115  loss20.003230997794307768
epoch:8  loss1:14.608029441833496  loss20.0032525734044611455
epoch:8  loss1:14.652343387603759  loss20.003314908421598375
epoch:8  loss1:14.702414741516113  loss20.0030915485555306076
epoch:8  loss1:14.744991302490234  loss20.003191418657079339
epoch:8  loss1:14.782950839996339  loss20.003103585746139288
epoch:8  loss1:14.821141338348388  loss20.0029655814869329333
epoch:8  loss1:14.854811801910401  loss20.003018982745707035
epoch:8  loss1:14.883858184814454  loss20.002962884963490069
epoch:8  loss1:14.921605243682862  loss20.0029802736081182956
epoch:8  loss1:14.946794166564942  loss20.0031001290027052163
epoch:9  loss1:14.97670789718628  loss20.002842345689423382
epoch:9  loss1:15.003031291961669  loss20.0031150582525879145
epoch:9  loss1:15.027616577148438  loss20.0030590912979096174
epoch:9  loss1:15.049313144683838  loss20.0029603209253400565
epoch:9  loss1:15.06930763244629  loss20.002880963939242065
epoch:9  loss1:15.099315757751464  loss20.0030517388461157677
epoch:9  loss1:15.129321422576904  loss20.0031569761922582984
epoch:9  loss1:15.177150039672851  loss20.003297361363656819
epoch:9  loss1:15.209213314056397  loss20.003022235231474042
epoch:9  loss1:15.224597778320312  loss20.0029163678688928483
epoch:9  loss1:15.237640857696533  loss20.002994611379690468
epoch:9  loss1:15.255666065216065  loss20.003099867207929492
epoch:9  loss1:15.289244728088379  loss20.0029239242244511843
epoch:9  loss1:15.300921497344971  loss20.003010284416377544
epoch:9  loss1:15.313320274353027  loss20.0028892513317987324
epoch:9  loss1:15.3274875831604  loss20.0027801486244425177
epoch:9  loss1:15.328938598632812  loss20.0028635122161358596
epoch:9  loss1:15.330830879211426  loss20.0027650888403877617
epoch:9  loss1:15.345501842498779  loss20.002812715703621507
epoch:9  loss1:15.342243747711182  loss20.0029707433702424167
epoch:10  loss1:15.361506805419921  loss20.0027395907463505864
epoch:10  loss1:15.38367826461792  loss20.0030537991411983966
epoch:10  loss1:15.393771591186523  loss20.0029265699256211517
epoch:10  loss1:15.408153057098389  loss20.002902728533372283
epoch:10  loss1:15.406873512268067  loss20.0027630292903631924
epoch:10  loss1:15.41711883544922  loss20.0029224462853744628
epoch:10  loss1:15.434021396636963  loss20.0028861021948978303
epoch:10  loss1:15.444824581146241  loss20.0029585709795355796
epoch:10  loss1:15.452022609710694  loss20.0028428060468286276
epoch:10  loss1:15.451499309539795  loss20.0027870679739862682
epoch:10  loss1:15.45220880508423  loss20.002860369593836367
epoch:10  loss1:15.461420154571533  loss20.003001987170428038
epoch:10  loss1:15.482012042999267  loss20.0028050242969766257
epoch:10  loss1:15.488827991485596  loss20.002902438500896096
epoch:10  loss1:15.480515251159668  loss20.002796414322219789
epoch:10  loss1:15.481321125030517  loss20.0026685068989172576
epoch:10  loss1:15.47493890762329  loss20.0027800827054306866
epoch:10  loss1:15.474985218048095  loss20.0026818181155249476
epoch:10  loss1:15.469429664611816  loss20.0027012664452195165
epoch:10  loss1:15.448593788146972  loss20.0028621154977008702
epoch:11  loss1:15.450826511383056  loss20.0025918970629572866
epoch:11  loss1:15.444292240142822  loss20.002846784135326743
epoch:11  loss1:15.4384153175354  loss20.002910879333503544
epoch:11  loss1:15.458914394378661  loss20.0027928563114255666
epoch:11  loss1:15.439926357269288  loss20.0026215034630149604
epoch:11  loss1:15.442807388305663  loss20.002861737087368965
epoch:11  loss1:15.45836030960083  loss20.002795719266869128
epoch:11  loss1:15.461333961486817  loss20.0028516599629074334
epoch:11  loss1:15.466278343200683  loss20.002755373832769692
epoch:11  loss1:15.457650547027589  loss20.0027446921728551386
epoch:11  loss1:15.489137077331543  loss20.0028670346550643444
epoch:11  loss1:15.52004270553589  loss20.00290291188750416
epoch:11  loss1:15.532693748474122  loss20.0027094621723517775
epoch:11  loss1:15.510104446411132  loss20.0028272768296301364
epoch:11  loss1:15.495492038726807  loss20.0027426157146692278
epoch:11  loss1:15.485590362548828  loss20.002580544031225145
epoch:11  loss1:15.459429931640624  loss20.0026985994586721062
epoch:11  loss1:15.440462856292724  loss20.002617850676178932
epoch:11  loss1:15.446868019104004  loss20.0026727852877229453
epoch:11  loss1:15.42794506072998  loss20.0028351285681128503
epoch:12  loss1:15.473232135772705  loss20.0026026950171217323
epoch:12  loss1:15.477186908721924  loss20.002763741440139711
epoch:12  loss1:15.471347503662109  loss20.002764577125199139
epoch:12  loss1:15.46906494140625  loss20.002686569504439831
epoch:12  loss1:15.441617603302001  loss20.002558734454214573
epoch:12  loss1:15.477495021820069  loss20.0029374162200838327
epoch:12  loss1:15.533132152557373  loss20.0027644969476386906
epoch:12  loss1:15.527771091461181  loss20.002778318296186626
epoch:12  loss1:15.516823291778564  loss20.002683558198623359
epoch:12  loss1:15.498854312896729  loss20.0026472910586744546
epoch:12  loss1:15.508241539001466  loss20.0027339693717658518
epoch:12  loss1:15.516448001861573  loss20.0028575406316667796
epoch:12  loss1:15.545073642730713  loss20.0026905446499586104
epoch:12  loss1:15.54040662765503  loss20.0027733584214001896
epoch:12  loss1:15.583961162567139  loss20.0028309805085882543
epoch:12  loss1:15.60402624130249  loss20.0025768559100106357
epoch:12  loss1:15.549679508209229  loss20.0026495779072865846
epoch:12  loss1:15.523835391998292  loss20.0025778970029205085
epoch:12  loss1:15.528772087097169  loss20.002605491760186851
epoch:12  loss1:15.507744598388673  loss20.002760980704333633
epoch:13  loss1:15.519606056213378  loss20.0025254691299051047
epoch:13  loss1:15.515453281402587  loss20.0027080563991330564
epoch:13  loss1:15.492784881591797  loss20.002706617517396808
epoch:13  loss1:15.485353679656983  loss20.0026508472207933662
epoch:13  loss1:15.45582862854004  loss20.0025319445389322937
epoch:13  loss1:15.467334117889404  loss20.002775863632559776
epoch:13  loss1:15.49880247116089  loss20.002675126297399402
epoch:13  loss1:15.518928337097169  loss20.0027773236017674206
epoch:13  loss1:15.51765106201172  loss20.0026366877974942325
epoch:13  loss1:15.498580570220946  loss20.0026124610332772134
epoch:13  loss1:15.500453414916992  loss20.002657158919610083
epoch:13  loss1:15.515683498382568  loss20.0028157156449742614
epoch:13  loss1:15.570285377502442  loss20.0027392916195094585
epoch:13  loss1:15.579197921752929  loss20.0027636214485391975
epoch:13  loss1:15.534596176147462  loss20.0026299061020836232
epoch:13  loss1:15.510181732177735  loss20.002505136043764651
epoch:13  loss1:15.463408203125  loss20.0025999408029019834
epoch:13  loss1:15.449053096771241  loss20.0025176348770037296
epoch:13  loss1:15.452907943725586  loss20.0025718693854287268
epoch:13  loss1:15.423440284729004  loss20.00267962203361094
epoch:14  loss1:15.436250762939453  loss20.002479827075731009
epoch:14  loss1:15.460846157073975  loss20.0027377293235622347
epoch:14  loss1:15.449377193450928  loss20.002649142937734723
epoch:14  loss1:15.426928977966309  loss20.0026064853579737244
epoch:14  loss1:15.403989887237548  loss20.002480243886820972
epoch:14  loss1:15.410602588653564  loss20.0027178252045996485
epoch:14  loss1:15.439584369659423  loss20.0026381302811205386
epoch:14  loss1:15.46235912322998  loss20.0026923120114952324
epoch:14  loss1:15.464379558563232  loss20.0026085024047642945
epoch:14  loss1:15.47193904876709  loss20.0025981070613488554
epoch:14  loss1:15.491967391967773  loss20.002635746458545327
epoch:14  loss1:15.488901863098144  loss20.0027489776234142483
epoch:14  loss1:15.50850772857666  loss20.002598559302277863
epoch:14  loss1:15.4915256690979  loss20.0026972528640180826
epoch:14  loss1:15.48079252243042  loss20.002602530405856669
epoch:14  loss1:15.491733055114747  loss20.002479670587927103
epoch:14  loss1:15.483273906707764  loss20.0025910751707851885
epoch:14  loss1:15.463315277099609  loss20.0024785867519676683
epoch:14  loss1:15.463814430236816  loss20.002543452139943838
epoch:14  loss1:15.433627758026123  loss20.0026568273338489234
epoch:15  loss1:15.45185146331787  loss20.002439474891871214
epoch:15  loss1:15.45221305847168  loss20.002675932291895151
epoch:15  loss1:15.462467613220214  loss20.002654415788128972
epoch:15  loss1:15.466674423217773  loss20.0026030672970227898
epoch:15  loss1:15.465619735717773  loss20.0024967666738666596
epoch:15  loss1:15.482600193023682  loss20.00267386622261256
epoch:15  loss1:15.497501583099366  loss20.0026073418883606793
epoch:15  loss1:15.510923862457275  loss20.002702655028551817
epoch:15  loss1:15.500516033172607  loss20.0025800726329907775
epoch:15  loss1:15.482775211334229  loss20.0025538156740367414
epoch:15  loss1:15.473290615081787  loss20.00261014673858881
epoch:15  loss1:15.472502536773682  loss20.0027645388850942253
epoch:15  loss1:15.515313186645507  loss20.0026710886042565106
epoch:15  loss1:15.57829710006714  loss20.002783124912530184
epoch:15  loss1:15.546144065856934  loss20.0025771647761575877
epoch:15  loss1:15.504194755554199  loss20.0024535913486033677
epoch:15  loss1:15.459162120819093  loss20.0025496837170794606
epoch:15  loss1:15.456121082305907  loss20.002478611906990409
epoch:15  loss1:15.479273929595948  loss20.00248752957675606
epoch:15  loss1:15.4295361328125  loss20.002611286113969982
epoch:16  loss1:15.42853759765625  loss20.0023784684180282057
epoch:16  loss1:15.42991678237915  loss20.002616263716481626
epoch:16  loss1:15.439720306396485  loss20.002600320805795491
epoch:16  loss1:15.418361797332764  loss20.002539731995202601
epoch:16  loss1:15.372765274047852  loss20.002412620468530804
epoch:16  loss1:15.385099658966064  loss20.002704964280128479
epoch:16  loss1:15.423688716888428  loss20.0025988634512759744
epoch:16  loss1:15.4354953956604  loss20.002641527792438865
epoch:16  loss1:15.439926300048828  loss20.0025440950016491115
epoch:16  loss1:15.442806072235108  loss20.0025500961602665483
epoch:16  loss1:15.451427059173584  loss20.0025549776456318795
epoch:16  loss1:15.473845100402832  loss20.0027011754852719603
epoch:16  loss1:15.49610013961792  loss20.0025254065124318006
epoch:16  loss1:15.46371223449707  loss20.002637512700166553
epoch:16  loss1:15.425575218200684  loss20.002531840871088207
epoch:16  loss1:15.592370281219482  loss20.0029348247637972238
epoch:16  loss1:15.62148983001709  loss20.0025976111320778726
epoch:16  loss1:15.558125896453857  loss20.002470164322294295
epoch:16  loss1:15.539470329284669  loss20.002470618907827884
epoch:16  loss1:15.460715961456298  loss20.0025972032174468042
epoch:17  loss1:15.442597713470459  loss20.0023743937397375705
epoch:17  loss1:15.441828899383545  loss20.0026370590971782804
epoch:17  loss1:15.435100231170654  loss20.0025767484586685895
epoch:17  loss1:15.428949413299561  loss20.0025531753175891936
epoch:17  loss1:15.42381908416748  loss20.002396346698515117
epoch:17  loss1:15.42774559020996  loss20.0026398355048149824
epoch:17  loss1:15.457515316009522  loss20.002571192141622305
epoch:17  loss1:15.477905578613282  loss20.002618603743612766
epoch:17  loss1:15.47234354019165  loss20.0025583467888645826
epoch:17  loss1:15.453111572265625  loss20.002487846401054412
epoch:17  loss1:15.455307483673096  loss20.002546288839075714
epoch:17  loss1:15.47634422302246  loss20.0026635597739368675
epoch:17  loss1:15.501419868469238  loss20.0025377178634516896
epoch:17  loss1:15.488050632476806  loss20.0026288210623897613
epoch:17  loss1:15.476770858764649  loss20.002539639729075134
epoch:17  loss1:15.461911392211913  loss20.002370091541670263
epoch:17  loss1:15.419134349822999  loss20.0025255422946065666
epoch:17  loss1:15.426646518707276  loss20.002399277433287352
epoch:17  loss1:15.439476642608643  loss20.0024678649636916817
epoch:17  loss1:15.393948020935058  loss20.002568550817668438
epoch:18  loss1:15.38431251525879  loss20.0023467609542422
epoch:18  loss1:15.429239196777344  loss20.002741430487949401
epoch:18  loss1:15.430688381195068  loss20.002540361809078604
epoch:18  loss1:15.394935874938964  loss20.0025100991362705825
epoch:18  loss1:15.347275924682616  loss20.00234759641578421
epoch:18  loss1:15.356813430786133  loss20.002608967162668705
epoch:18  loss1:15.389767589569091  loss20.0025203070603311063
epoch:18  loss1:15.40081563949585  loss20.0025923985172994434
epoch:18  loss1:15.432455081939697  loss20.0025562113034538923
epoch:18  loss1:15.427424812316895  loss20.0024687802232801915
epoch:18  loss1:15.422725238800048  loss20.002530174795538187
epoch:18  loss1:15.432574443817138  loss20.002643366795964539
epoch:18  loss1:15.439883155822754  loss20.002559833372943103
epoch:18  loss1:15.509418640136719  loss20.0027261867048218847
epoch:18  loss1:15.461521167755127  loss20.0024932870920747517
epoch:18  loss1:15.426149387359619  loss20.0023874374805018307
epoch:18  loss1:15.38882417678833  loss20.0024611446377821268
epoch:18  loss1:15.36578893661499  loss20.0023684850195422767
epoch:18  loss1:15.393521461486817  loss20.0024659897247329356
epoch:18  loss1:15.351727409362793  loss20.0025533133442513646
epoch:19  loss1:15.345779361724853  loss20.002314427737146616
epoch:19  loss1:15.343737506866455  loss20.0025619678013026714
epoch:19  loss1:15.357831344604492  loss20.0025370341702364383
epoch:19  loss1:15.356990146636964  loss20.0024964665807783604
epoch:19  loss1:15.340251312255859  loss20.0023416680330410598
epoch:19  loss1:15.35427526473999  loss20.0025996810803189875
epoch:19  loss1:15.379604530334472  loss20.002532418149057776
epoch:19  loss1:15.395506114959717  loss20.0025908829015679658
epoch:19  loss1:15.387400817871093  loss20.0024768604687415065
epoch:19  loss1:15.363450183868409  loss20.0024588174931705
epoch:19  loss1:15.363147678375244  loss20.002481834574136883
epoch:19  loss1:15.3514111328125  loss20.002616120772436261
epoch:19  loss1:15.403397731781006  loss20.0024678959418088196
epoch:19  loss1:15.384467353820801  loss20.0025943441805429757
epoch:19  loss1:15.387098808288574  loss20.002490271097049117
epoch:19  loss1:15.367875213623046  loss20.002360382273327559
epoch:19  loss1:15.341684131622314  loss20.0024603749555535616
epoch:19  loss1:15.325102500915527  loss20.0023466662131249906
epoch:19  loss1:15.357160930633546  loss20.0025235515600070357
epoch:19  loss1:15.351052131652832  loss20.0025536591326817872
Accuracy 82.91999816894531
